<?xml version="1.0" encoding="UTF-8"?>
<!-- Generated by org.testng.reporters.JUnitXMLReporter -->
<testsuite hostname="AnkurKaushik" name="Test" tests="3" failures="1" timestamp="10 Nov 2017 09:26:52 GMT" time="25.763" errors="0">
  <testcase name="openDraupApplication" time="2.325" classname="TestScenarios.DraupSigInTest"/>
  <testcase name="signIn" time="11.967" classname="TestScenarios.DraupSigInTest"/>
  <testcase name="universeModuleLandingPage" time="0.22" classname="TestScenarios.Universetest">
    <failure type="java.lang.AssertionError" message="expected [Account] but found [ACCOUNT]">
      <![CDATA[java.lang.AssertionError: expected [Account] but found [ACCOUNT]
	at PageObjects.UniversePageObjects.verifyInOpportunity_Table_AccountHeader(UniversePageObjects.java:59)
	at TestScenarios.Universetest.universeModuleLandingPage(Universetest.java:22)
... Removed 29 stack frames]]>
    </failure>
  </testcase> <!-- universeModuleLandingPage -->
</testsuite> <!-- Test -->
