<?xml version="1.0" encoding="UTF-8"?>
<!-- Generated by org.testng.reporters.JUnitXMLReporter -->
<testsuite hostname="AnkurKaushik" name="Test" tests="3" failures="1" timestamp="9 Nov 2017 06:02:30 GMT" time="30.218" errors="0">
  <testcase name="openDraupApplication" time="2.688" classname="TestScenarios.DraupSigInTest"/>
  <testcase name="signIn" time="13.153" classname="TestScenarios.DraupSigInTest"/>
  <testcase name="universeModuleLandingPage" time="0.004" classname="TestScenarios.Universetest">
    <failure type="java.lang.NullPointerException">
      <![CDATA[java.lang.NullPointerException
	at TestScenarios.Universetest.universeModuleLandingPage(Universetest.java:20)
... Removed 24 stack frames]]>
    </failure>
  </testcase> <!-- universeModuleLandingPage -->
</testsuite> <!-- Test -->
