<?xml version="1.0" encoding="UTF-8"?>
<testng-results skipped="0" failed="1" total="3" passed="2">
  <reporter-output>
  </reporter-output>
  <suite name="Suite" duration-ms="30218" started-at="2017-11-09T06:02:00Z" finished-at="2017-11-09T06:02:30Z">
    <groups>
    </groups>
    <test name="Test" duration-ms="30218" started-at="2017-11-09T06:02:00Z" finished-at="2017-11-09T06:02:30Z">
      <class name="TestScenarios.Universetest">
        <test-method status="PASS" signature="startbrowser(java.lang.String)[pri:0, instance:TestScenarios.Universetest@6b19b79]" name="startbrowser" is-config="true" duration-ms="3588" started-at="2017-11-09T11:32:22Z" finished-at="2017-11-09T11:32:26Z">
          <params>
            <param index="0">
              <value>
                <![CDATA[firefox]]>
              </value>
            </param>
          </params>
          <reporter-output>
          </reporter-output>
        </test-method> <!-- startbrowser -->
        <test-method status="FAIL" signature="universeModuleLandingPage()[pri:0, instance:TestScenarios.Universetest@6b19b79]" name="universeModuleLandingPage" duration-ms="4" started-at="2017-11-09T11:32:26Z" finished-at="2017-11-09T11:32:26Z">
          <exception class="java.lang.NullPointerException">
            <full-stacktrace>
              <![CDATA[java.lang.NullPointerException
	at TestScenarios.Universetest.universeModuleLandingPage(Universetest.java:20)
	at sun.reflect.NativeMethodAccessorImpl.invoke0(Native Method)
	at sun.reflect.NativeMethodAccessorImpl.invoke(Unknown Source)
	at sun.reflect.DelegatingMethodAccessorImpl.invoke(Unknown Source)
	at java.lang.reflect.Method.invoke(Unknown Source)
	at org.testng.internal.MethodInvocationHelper.invokeMethod(MethodInvocationHelper.java:85)
	at org.testng.internal.Invoker.invokeMethod(Invoker.java:659)
	at org.testng.internal.Invoker.invokeTestMethod(Invoker.java:845)
	at org.testng.internal.Invoker.invokeTestMethods(Invoker.java:1153)
	at org.testng.internal.TestMethodWorker.invokeTestMethods(TestMethodWorker.java:125)
	at org.testng.internal.TestMethodWorker.run(TestMethodWorker.java:108)
	at org.testng.TestRunner.privateRun(TestRunner.java:771)
	at org.testng.TestRunner.run(TestRunner.java:621)
	at org.testng.SuiteRunner.runTest(SuiteRunner.java:357)
	at org.testng.SuiteRunner.runSequentially(SuiteRunner.java:352)
	at org.testng.SuiteRunner.privateRun(SuiteRunner.java:310)
	at org.testng.SuiteRunner.run(SuiteRunner.java:259)
	at org.testng.SuiteRunnerWorker.runSuite(SuiteRunnerWorker.java:52)
	at org.testng.SuiteRunnerWorker.run(SuiteRunnerWorker.java:86)
	at org.testng.TestNG.runSuitesSequentially(TestNG.java:1199)
	at org.testng.TestNG.runSuitesLocally(TestNG.java:1124)
	at org.testng.TestNG.run(TestNG.java:1032)
	at org.testng.remote.AbstractRemoteTestNG.run(AbstractRemoteTestNG.java:114)
	at org.testng.remote.RemoteTestNG.initAndRun(RemoteTestNG.java:251)
	at org.testng.remote.RemoteTestNG.main(RemoteTestNG.java:77)
]]>
            </full-stacktrace>
          </exception> <!-- java.lang.NullPointerException -->
          <reporter-output>
          </reporter-output>
        </test-method> <!-- universeModuleLandingPage -->
        <test-method status="PASS" signature="endTestCase(org.testng.ITestResult)[pri:0, instance:TestScenarios.Universetest@6b19b79]" name="endTestCase" is-config="true" duration-ms="4347" started-at="2017-11-09T11:32:26Z" finished-at="2017-11-09T11:32:30Z">
          <params>
            <param index="0">
              <value>
                <![CDATA[[TestResult name=universeModuleLandingPage status=FAILURE method=Universetest.universeModuleLandingPage()[pri:0, instance:TestScenarios.Universetest@6b19b79] output={null}]]]>
              </value>
            </param>
          </params>
          <reporter-output>
          </reporter-output>
        </test-method> <!-- endTestCase -->
      </class> <!-- TestScenarios.Universetest -->
      <class name="TestScenarios.DraupSigInTest">
        <test-method status="PASS" signature="startbrowser(java.lang.String)[pri:0, instance:TestScenarios.DraupSigInTest@37918c79]" name="startbrowser" is-config="true" duration-ms="6096" started-at="2017-11-09T11:32:00Z" finished-at="2017-11-09T11:32:06Z">
          <params>
            <param index="0">
              <value>
                <![CDATA[firefox]]>
              </value>
            </param>
          </params>
          <reporter-output>
          </reporter-output>
        </test-method> <!-- startbrowser -->
        <test-method status="PASS" signature="openDraupApplication()[pri:0, instance:TestScenarios.DraupSigInTest@37918c79]" name="openDraupApplication" duration-ms="2688" started-at="2017-11-09T11:32:06Z" finished-at="2017-11-09T11:32:09Z">
          <reporter-output>
          </reporter-output>
        </test-method> <!-- openDraupApplication -->
        <test-method status="PASS" signature="endTestCase(org.testng.ITestResult)[pri:0, instance:TestScenarios.DraupSigInTest@37918c79]" name="endTestCase" is-config="true" duration-ms="281" started-at="2017-11-09T11:32:09Z" finished-at="2017-11-09T11:32:09Z">
          <params>
            <param index="0">
              <value>
                <![CDATA[[TestResult name=openDraupApplication status=SUCCESS method=DraupSigInTest.openDraupApplication()[pri:0, instance:TestScenarios.DraupSigInTest@37918c79] output={null}]]]>
              </value>
            </param>
          </params>
          <reporter-output>
          </reporter-output>
        </test-method> <!-- endTestCase -->
        <test-method status="PASS" signature="signIn()[pri:0, instance:TestScenarios.DraupSigInTest@37918c79]" name="signIn" duration-ms="13153" started-at="2017-11-09T11:32:09Z" finished-at="2017-11-09T11:32:22Z">
          <reporter-output>
          </reporter-output>
        </test-method> <!-- signIn -->
        <test-method status="PASS" signature="endTestCase(org.testng.ITestResult)[pri:0, instance:TestScenarios.DraupSigInTest@37918c79]" name="endTestCase" is-config="true" duration-ms="41" started-at="2017-11-09T11:32:22Z" finished-at="2017-11-09T11:32:22Z">
          <params>
            <param index="0">
              <value>
                <![CDATA[[TestResult name=signIn status=SUCCESS method=DraupSigInTest.signIn()[pri:0, instance:TestScenarios.DraupSigInTest@37918c79] output={null}]]]>
              </value>
            </param>
          </params>
          <reporter-output>
          </reporter-output>
        </test-method> <!-- endTestCase -->
      </class> <!-- TestScenarios.DraupSigInTest -->
    </test> <!-- Test -->
  </suite> <!-- Suite -->
</testng-results>
